<?xml version="1.0" encoding="UTF-8"?>
<robot generator="Robot 4.1 (Python 3.8.5 on win32)" generated="20210907 17:29:26.377" rpa="false" schemaversion="2">
<suite id="s1" name="Test" source="C:\Users\Swati\PycharmProjects\sample\automation\test.robot">
<test id="s1-t1" name="Google">
<kw name="Open Browser" library="SeleniumLibrary">
<arg>${url}</arg>
<arg>${browser}</arg>
<doc>Opens a new browser instance to the optional ``url``.</doc>
<msg timestamp="20210907 17:29:26.703" level="INFO">Opening browser 'chrome' to base url 'https://www.google.com/'.</msg>
<status status="PASS" starttime="20210907 17:29:26.703" endtime="20210907 17:29:31.863"/>
</kw>
<kw name="Sleep" library="BuiltIn">
<arg>8</arg>
<doc>Pauses the test executed for the given time.</doc>
<msg timestamp="20210907 17:29:39.871" level="INFO">Slept 8 seconds</msg>
<status status="PASS" starttime="20210907 17:29:31.863" endtime="20210907 17:29:39.871"/>
</kw>
<kw name="Close Browser" library="SeleniumLibrary">
<doc>Closes the current browser.</doc>
<status status="PASS" starttime="20210907 17:29:39.871" endtime="20210907 17:29:42.345"/>
</kw>
<status status="PASS" starttime="20210907 17:29:26.695" endtime="20210907 17:29:42.347"/>
</test>
<status status="PASS" starttime="20210907 17:29:26.385" endtime="20210907 17:29:42.349"/>
</suite>
<statistics>
<total>
<stat pass="1" fail="0" skip="0">All Tests</stat>
</total>
<tag>
</tag>
<suite>
<stat pass="1" fail="0" skip="0" id="s1" name="Test">Test</stat>
</suite>
</statistics>
<errors>
</errors>
</robot>
