<?xml version="1.0" encoding="UTF-8"?>
<robot generator="Robot 4.1 (Python 3.8.5 on win32)" generated="20210907 20:40:17.655" rpa="false" schemaversion="2">
<suite id="s1" name="Input1" source="C:\Users\Swati\PycharmProjects\sample\automation\input1.robot">
<test id="s1-t1" name="inputbox">
<kw name="Open Browser" library="SeleniumLibrary">
<arg>${url}</arg>
<arg>${browser}</arg>
<doc>Opens a new browser instance to the optional ``url``.</doc>
<msg timestamp="20210907 20:40:17.827" level="INFO">Opening browser 'chrome' to base url 'https://facebook.com/'.</msg>
<status status="PASS" starttime="20210907 20:40:17.827" endtime="20210907 20:40:21.313"/>
</kw>
<kw name="Maximize Browser Window" library="SeleniumLibrary">
<doc>Maximizes current browser window.</doc>
<status status="PASS" starttime="20210907 20:40:21.314" endtime="20210907 20:40:21.446"/>
</kw>
<kw name="Input Text" library="SeleniumLibrary">
<arg>id:email</arg>
<arg>8080064952</arg>
<doc>Types the given ``text`` into the text field identified by ``locator``.</doc>
<msg timestamp="20210907 20:40:21.446" level="INFO">Typing text '8080064952' into text field 'id:email'.</msg>
<status status="PASS" starttime="20210907 20:40:21.446" endtime="20210907 20:40:21.570"/>
</kw>
<kw name="Input Text" library="SeleniumLibrary">
<arg>id:pass</arg>
<arg>Sunita@0307</arg>
<doc>Types the given ``text`` into the text field identified by ``locator``.</doc>
<msg timestamp="20210907 20:40:21.572" level="INFO">Typing text 'Sunita@0307' into text field 'id:pass'.</msg>
<status status="PASS" starttime="20210907 20:40:21.570" endtime="20210907 20:40:21.690"/>
</kw>
<kw name="Click Button" library="SeleniumLibrary">
<arg>xpath:/html/body/div[1]/div[2]/div[1]/div/div/div/div[2]/div/div[1]/form/div[2]/button</arg>
<doc>Clicks the button identified by ``locator``.</doc>
<msg timestamp="20210907 20:40:21.692" level="INFO">Clicking button 'xpath:/html/body/div[1]/div[2]/div[1]/div/div/div/div[2]/div/div[1]/form/div[2]/button'.</msg>
<status status="PASS" starttime="20210907 20:40:21.691" endtime="20210907 20:40:21.781"/>
</kw>
<kw name="Sleep" library="BuiltIn">
<arg>10</arg>
<doc>Pauses the test executed for the given time.</doc>
<msg timestamp="20210907 20:40:31.790" level="INFO">Slept 10 seconds</msg>
<status status="PASS" starttime="20210907 20:40:21.782" endtime="20210907 20:40:31.790"/>
</kw>
<kw name="Close Browser" library="SeleniumLibrary">
<doc>Closes the current browser.</doc>
<status status="PASS" starttime="20210907 20:40:31.790" endtime="20210907 20:40:33.973"/>
</kw>
<status status="PASS" starttime="20210907 20:40:17.811" endtime="20210907 20:40:33.974"/>
</test>
<status status="PASS" starttime="20210907 20:40:17.655" endtime="20210907 20:40:33.975"/>
</suite>
<statistics>
<total>
<stat pass="1" fail="0" skip="0">All Tests</stat>
</total>
<tag>
</tag>
<suite>
<stat pass="1" fail="0" skip="0" id="s1" name="Input1">Input1</stat>
</suite>
</statistics>
<errors>
</errors>
</robot>
